<?xml version="1.0" encoding="UTF-8"?>
<testsuite name="eclipse.AppTest" tests="1" skipped="0" failures="0" errors="0" timestamp="2023-08-07T20:52:45" hostname="Ubuntu" time="0.003">
  <properties/>
  <testcase name="appHasAGreeting" classname="eclipse.AppTest" time="0.003"/>
  <system-out><![CDATA[]]></system-out>
  <system-err><![CDATA[]]></system-err>
</testsuite>
